<?xml version="1.0" encoding="UTF-8"?>
<testsuite xmlns:xsi="http://www.w3.org/2001/XMLSchema-instance" xsi:noNamespaceSchemaLocation="https://maven.apache.org/surefire/maven-surefire-plugin/xsd/surefire-test-report-3.0.xsd" version="3.0" name="functions.ReportTest(sponge_log)" time="1.15" tests="15" errors="0" skipped="0" failures="0">
  <properties>
[...]
</properties>
  <testcase name="testHttpClientException" classname="functions.ReportTest(sponge_log)" time="1.039"/>
  <testcase name="testMissingReportEmail" classname="functions.ReportTest(sponge_log)" time="0.003"/>
  <testcase name="testFormatReportWithOnlyEvaluationsPerUrgency" classname="functions.ReportTest(sponge_log)" time="0.027"/>
  <testcase name="testFeedbackServiceError" classname="functions.ReportTest(sponge_log)" time="0.029"/>
  <testcase name="testFormatReportWithEmptyData" classname="functions.ReportTest(sponge_log)" time="0.002"/>
  <testcase name="testFormatReportWithOnlyEvaluationsPerDay" classname="functions.ReportTest(sponge_log)" time="0.002"/>
  <testcase name="testMissingReportEmailWithTestableReport" classname="functions.ReportTest(sponge_log)" time="0.002"/>
  <testcase name="testGetEnvVar" classname="functions.ReportTest(sponge_log)" time="0.003"/>
  <testcase name="testMissingMsFeedbackBaseUrl" classname="functions.ReportTest(sponge_log)" time="0.002"/>
  <testcase name="testMissingNotificationBaseUrlWithTestableReport" classname="functions.ReportTest(sponge_log)" time="0.002"/>
  <testcase name="testSuccessfulFlow" classname="functions.ReportTest(sponge_log)" time="0.005"/>
  <testcase name="testMissingNotificationBaseUrl" classname="functions.ReportTest(sponge_log)" time="0.001"/>
  <testcase name="testNotificationServiceError" classname="functions.ReportTest(sponge_log)" time="0.003"/>
  <testcase name="testMissingMsFeedbackBaseUrlWithTestableReport" classname="functions.ReportTest(sponge_log)" time="0.002"/>
  <testcase name="testFormatReportWithBothArrays" classname="functions.ReportTest(sponge_log)" time="0.001"/>
</testsuite>